[    0.000000] Initializing cgroup subsys cpuset
[    0.000000] Initializing cgroup subsys cpu
[    0.000000] Initializing cgroup subsys cpuacct
[    0.000000] Linux version 4.4.0-98-generic (buildd@lcy01-03) (gcc version 5.4.0 20160609 (Ubuntu 5.4.0-6ubuntu1~16.04.4) ) #121-Ubuntu SMP Tue Oct 10 14:24:03 UTC 2017 (Ubuntu 4.4.0-98.121-generic 4.4.90)
[    0.000000] Command line: BOOT_IMAGE=/boot/vmlinuz-4.4.0-98-generic root=LABEL=cloudimg-rootfs ro console=tty1 console=ttyS0
[    0.000000] KERNEL supported cpus:
[    0.000000]   Intel GenuineIntel
[    0.000000]   AMD AuthenticAMD
[    0.000000]   Centaur CentaurHauls
[    0.000000] x86/fpu: xstate_offset[2]:  576, xstate_sizes[2]:  256
[    0.000000] x86/fpu: Supporting XSAVE feature 0x01: 'x87 floating point registers'
[    0.000000] x86/fpu: Supporting XSAVE feature 0x02: 'SSE registers'
[    0.000000] x86/fpu: Supporting XSAVE feature 0x04: 'AVX registers'
[    0.000000] x86/fpu: Enabled xstate features 0x7, context size is 832 bytes, using 'standard' format.
[    0.000000] x86/fpu: Using 'lazy' FPU context switches.
[    0.000000] e820: BIOS-provided physical RAM map:
[    0.000000] BIOS-e820: [mem 0x0000000000000000-0x000000000009fbff] usable
[    0.000000] BIOS-e820: [mem 0x000000000009fc00-0x000000000009ffff] reserved
[    0.000000] BIOS-e820: [mem 0x00000000000f0000-0x00000000000fffff] reserved
[    0.000000] BIOS-e820: [mem 0x0000000000100000-0x000000003ffeffff] usable
[    0.000000] BIOS-e820: [mem 0x000000003fff0000-0x000000003fffffff] ACPI data
[    0.000000] BIOS-e820: [mem 0x00000000fec00000-0x00000000fec00fff] reserved
[    0.000000] BIOS-e820: [mem 0x00000000fee00000-0x00000000fee00fff] reserved
[    0.000000] BIOS-e820: [mem 0x00000000fffc0000-0x00000000ffffffff] reserved
[    0.000000] NX (Execute Disable) protection: active
[    0.000000] SMBIOS 2.5 present.
[    0.000000] Hypervisor detected: KVM
[    0.000000] e820: last_pfn = 0x3fff0 max_arch_pfn = 0x400000000
[    0.000000] MTRR: Disabled
[    0.000000] x86/PAT: MTRRs disabled, skipping PAT initialization too.
[    0.000000] CPU MTRRs all blank - virtualized system.
[    0.000000] x86/PAT: Configuration [0-7]: WB  WT  UC- UC  WB  WT  UC- UC  
[    0.000000] found SMP MP-table at [mem 0x0009fff0-0x0009ffff] mapped at [ffff88000009fff0]
[    0.000000] Scanning 1 areas for low memory corruption
[    0.000000] RAMDISK: [mem 0x36ac2000-0x37558fff]
[    0.000000] ACPI: Early table checksum verification disabled
[    0.000000] ACPI: RSDP 0x00000000000E0000 000024 (v02 VBOX  )
[    0.000000] ACPI: XSDT 0x000000003FFF0030 00003C (v01 VBOX   VBOXXSDT 00000001 ASL  00000061)
[    0.000000] ACPI: FACP 0x000000003FFF00F0 0000F4 (v04 VBOX   VBOXFACP 00000001 ASL  00000061)
[    0.000000] ACPI: DSDT 0x000000003FFF0470 0021FF (v02 VBOX   VBOXBIOS 00000002 INTL 20100528)
[    0.000000] ACPI: FACS 0x000000003FFF0200 000040
[    0.000000] ACPI: FACS 0x000000003FFF0200 000040
[    0.000000] ACPI: APIC 0x000000003FFF0240 00005C (v02 VBOX   VBOXAPIC 00000001 ASL  00000061)
[    0.000000] ACPI: SSDT 0x000000003FFF02A0 0001CC (v01 VBOX   VBOXCPUT 00000002 INTL 20100528)
[    0.000000] No NUMA configuration found
[    0.000000] Faking a node at [mem 0x0000000000000000-0x000000003ffeffff]
[    0.000000] NODE_DATA(0) allocated [mem 0x3ffeb000-0x3ffeffff]
[    0.000000] kvm-clock: Using msrs 4b564d01 and 4b564d00
[    0.000000] kvm-clock: cpu 0, msr 0:3ffe3001, primary cpu clock
[    0.000000] kvm-clock: using sched offset of 3653739278 cycles
[    0.000000] clocksource: kvm-clock: mask: 0xffffffffffffffff max_cycles: 0x1cd42e4dffb, max_idle_ns: 881590591483 ns
[    0.000000] Zone ranges:
[    0.000000]   DMA      [mem 0x0000000000001000-0x0000000000ffffff]
[    0.000000]   DMA32    [mem 0x0000000001000000-0x000000003ffeffff]
[    0.000000]   Normal   empty
[    0.000000]   Device   empty
[    0.000000] Movable zone start for each node
[    0.000000] Early memory node ranges
[    0.000000]   node   0: [mem 0x0000000000001000-0x000000000009efff]
[    0.000000]   node   0: [mem 0x0000000000100000-0x000000003ffeffff]
[    0.000000] Initmem setup node 0 [mem 0x0000000000001000-0x000000003ffeffff]
[    0.000000] ACPI: PM-Timer IO Port: 0x4008
[    0.000000] IOAPIC[0]: apic_id 2, version 32, address 0xfec00000, GSI 0-23
[    0.000000] ACPI: INT_SRC_OVR (bus 0 bus_irq 0 global_irq 2 dfl dfl)
[    0.000000] ACPI: INT_SRC_OVR (bus 0 bus_irq 9 global_irq 9 high level)
[    0.000000] Using ACPI (MADT) for SMP configuration information
[    0.000000] smpboot: Allowing 2 CPUs, 0 hotplug CPUs
[    0.000000] PM: Registered nosave memory: [mem 0x00000000-0x00000fff]
[    0.000000] PM: Registered nosave memory: [mem 0x0009f000-0x0009ffff]
[    0.000000] PM: Registered nosave memory: [mem 0x000a0000-0x000effff]
[    0.000000] PM: Registered nosave memory: [mem 0x000f0000-0x000fffff]
[    0.000000] e820: [mem 0x40000000-0xfebfffff] available for PCI devices
[    0.000000] Booting paravirtualized kernel on KVM
[    0.000000] clocksource: refined-jiffies: mask: 0xffffffff max_cycles: 0xffffffff, max_idle_ns: 7645519600211568 ns
[    0.000000] setup_percpu: NR_CPUS:512 nr_cpumask_bits:512 nr_cpu_ids:2 nr_node_ids:1
[    0.000000] PERCPU: Embedded 34 pages/cpu @ffff88003fc00000 s98328 r8192 d32744 u1048576
[    0.000000] PV qspinlock hash table entries: 256 (order: 0, 4096 bytes)
[    0.000000] Built 1 zonelists in Node order, mobility grouping on.  Total pages: 257913
[    0.000000] Policy zone: DMA32
[    0.000000] Kernel command line: BOOT_IMAGE=/boot/vmlinuz-4.4.0-98-generic root=LABEL=cloudimg-rootfs ro console=tty1 console=ttyS0
[    0.000000] PID hash table entries: 4096 (order: 3, 32768 bytes)
[    0.000000] Memory: 1001720K/1048120K available (8484K kernel code, 1294K rwdata, 3988K rodata, 1492K init, 1316K bss, 46400K reserved, 0K cma-reserved)
[    0.000000] SLUB: HWalign=64, Order=0-3, MinObjects=0, CPUs=2, Nodes=1
[    0.000000] Hierarchical RCU implementation.
[    0.000000] 	Build-time adjustment of leaf fanout to 64.
[    0.000000] 	RCU restricting CPUs from NR_CPUS=512 to nr_cpu_ids=2.
[    0.000000] RCU: Adjusting geometry for rcu_fanout_leaf=64, nr_cpu_ids=2
[    0.000000] NR_IRQS:33024 nr_irqs:440 16
[    0.000000] Console: colour VGA+ 80x25
[    0.000000] console [tty1] enabled
[    0.000000] console [ttyS0] enabled
[    0.000000] tsc: Detected 2303.998 MHz processor
[    7.337627] Calibrating delay loop (skipped) preset value.. 4607.99 BogoMIPS (lpj=9215992)
[    7.435701] pid_max: default: 32768 minimum: 301
[    7.489749] ACPI: Core revision 20150930
[    7.506424] ACPI: 2 ACPI AML tables successfully acquired and loaded
[    7.507686] Security Framework initialized
[    7.547269] Yama: becoming mindful.
[    7.547993] AppArmor: AppArmor initialized
[    7.548818] Dentry cache hash table entries: 131072 (order: 8, 1048576 bytes)
[    7.660917] Inode-cache hash table entries: 65536 (order: 7, 524288 bytes)
[    7.739248] Mount-cache hash table entries: 2048 (order: 2, 16384 bytes)
[    7.818444] Mountpoint-cache hash table entries: 2048 (order: 2, 16384 bytes)
[    7.907006] Initializing cgroup subsys io
[    7.949075] Initializing cgroup subsys memory
[    7.988632] Initializing cgroup subsys devices
[    8.031445] Initializing cgroup subsys freezer
[    8.092273] Initializing cgroup subsys net_cls
[    8.147559] Initializing cgroup subsys perf_event
[    8.186449] Initializing cgroup subsys net_prio
[    8.238856] Initializing cgroup subsys hugetlb
[    8.290860] Initializing cgroup subsys pids
[    8.304395] CPU: Physical Processor ID: 0
[    8.368151] CPU: Processor Core ID: 0
[    8.369884] mce: CPU supports 0 MCE banks
[    8.400039] Last level iTLB entries: 4KB 64, 2MB 8, 4MB 8
[    8.440750] Last level dTLB entries: 4KB 64, 2MB 0, 4MB 0, 1GB 4
[    8.498832] Freeing SMP alternatives memory: 32K
[    8.531974] ftrace: allocating 32154 entries in 126 pages
[    8.625174] smpboot: APIC(0) Converting physical 0 to logical package 0
[    8.705410] smpboot: Max logical packages: 1
[    8.760557] x2apic enabled
[    8.794851] Switched APIC routing to physical x2apic.
[    8.845400] ..TIMER: vector=0x30 apic1=0 pin1=2 apic2=-1 pin2=-1
[    8.971990] smpboot: CPU0: Intel(R) Core(TM) i5-7360U CPU @ 2.30GHz (family: 0x6, model: 0x8e, stepping: 0x9)
[    9.039264] Performance Events: unsupported p6 CPU model 142 no PMU driver, software events only.
[    9.142435] KVM setup paravirtual spinlock
[    9.185579] x86: Booting SMP configuration:
[    9.243184] .... node  #0, CPUs:      #1
[    9.274015] kvm-clock: cpu 1, msr 0:3ffe3041, secondary cpu clock
[    9.278778] mce: CPU supports 0 MCE banks
[    9.281354] x86: Booted up 1 node, 2 CPUs
[    9.310900] smpboot: Total of 2 processors activated (9215.99 BogoMIPS)
[    9.379306] devtmpfs: initialized
[    9.416077] evm: security.selinux
[    9.453810] evm: security.SMACK64
[    9.488674] evm: security.SMACK64EXEC
[    9.521725] evm: security.SMACK64TRANSMUTE
[    9.556535] evm: security.SMACK64MMAP
[    9.573949] evm: security.ima
[    9.597670] evm: security.capability
[    9.622360] clocksource: jiffies: mask: 0xffffffff max_cycles: 0xffffffff, max_idle_ns: 7645041785100000 ns
[    9.689629] futex hash table entries: 512 (order: 3, 32768 bytes)
[    9.732283] pinctrl core: initialized pinctrl subsystem
[    9.785932] RTC time: 10:14:57, date: 11/20/17
[    9.833553] NET: Registered protocol family 16
[    9.892381] cpuidle: using governor ladder
[    9.936381] cpuidle: using governor menu
[    9.959753] PCCT header not found.
[    9.986571] ACPI: bus type PCI registered
[   10.034778] acpiphp: ACPI Hot Plug PCI Controller Driver version: 0.5
[   10.115180] PCI: Using configuration type 1 for base access
[   10.165141] ACPI: Added _OSI(Module Device)
[   10.203408] ACPI: Added _OSI(Processor Device)
[   10.258192] ACPI: Added _OSI(3.0 _SCP Extensions)
[   10.314124] ACPI: Added _OSI(Processor Aggregator Device)
[   10.333064] ACPI: Executed 1 blocks of module-level executable AML code
[   10.350464] ACPI: Interpreter enabled
[   10.387322] ACPI: (supports S0 S5)
[   10.422019] ACPI: Using IOAPIC for interrupt routing
[   10.448067] PCI: Using host bridge windows from ACPI; if necessary, use "pci=nocrs" and report a bug
[   10.535135] ACPI: PCI Root Bridge [PCI0] (domain 0000 [bus 00-ff])
[   10.589901] acpi PNP0A03:00: _OSC: OS supports [ASPM ClockPM Segments MSI]
[   10.670012] acpi PNP0A03:00: _OSC: not requesting OS control; OS requires [ExtendedConfig ASPM ClockPM MSI]
[   10.742285] acpi PNP0A03:00: fail to add MMCONFIG information, can't access extended PCI configuration space under this bridge.
[   10.853119] PCI host bridge to bus 0000:00
[   10.894373] pci_bus 0000:00: root bus resource [io  0x0000-0x0cf7 window]
[   10.951577] pci_bus 0000:00: root bus resource [io  0x0d00-0xffff window]
[   11.019155] pci_bus 0000:00: root bus resource [mem 0x000a0000-0x000bffff window]
[   11.041612] pci_bus 0000:00: root bus resource [mem 0x40000000-0xffdfffff window]
[   11.074701] pci_bus 0000:00: root bus resource [bus 00-ff]
[   11.077972] pci 0000:00:01.1: legacy IDE quirk: reg 0x10: [io  0x01f0-0x01f7]
[   11.133184] pci 0000:00:01.1: legacy IDE quirk: reg 0x14: [io  0x03f6]
[   11.195432] pci 0000:00:01.1: legacy IDE quirk: reg 0x18: [io  0x0170-0x0177]
[   11.224665] pci 0000:00:01.1: legacy IDE quirk: reg 0x1c: [io  0x0376]
[   11.300892] pci 0000:00:07.0: quirk: [io  0x4000-0x403f] claimed by PIIX4 ACPI
[   11.371557] pci 0000:00:07.0: quirk: [io  0x4100-0x410f] claimed by PIIX4 SMB
[   11.438886] ACPI: PCI Interrupt Link [LNKA] (IRQs 5 9 10 *11)
[   11.484964] ACPI: PCI Interrupt Link [LNKB] (IRQs 5 9 10 *11)
[   11.550027] ACPI: PCI Interrupt Link [LNKC] (IRQs 5 9 *10 11)
[   11.598016] ACPI: PCI Interrupt Link [LNKD] (IRQs 5 *9 10 11)
[   11.605067] ACPI: Enabled 2 GPEs in block 00 to 07
[   11.661944] vgaarb: setting as boot device: PCI:0000:00:02.0
[   11.669983] vgaarb: device added: PCI:0000:00:02.0,decodes=io+mem,owns=io+mem,locks=none
[   11.746042] vgaarb: loaded
[   11.775318] vgaarb: bridge control possible 0000:00:02.0
[   11.813046] SCSI subsystem initialized
[   11.855388] ACPI: bus type USB registered
[   11.910866] usbcore: registered new interface driver usbfs
[   11.962512] usbcore: registered new interface driver hub
[   12.031854] usbcore: registered new device driver usb
[   12.067863] PCI: Using ACPI for IRQ routing
[   12.090493] NetLabel: Initializing
[   12.094112] NetLabel:  domain hash size = 128
[   12.094916] NetLabel:  protocols = UNLABELED CIPSOv4
[   12.095817] NetLabel:  unlabeled traffic allowed by default
[   12.097002] amd_nb: Cannot enumerate AMD northbridges
[   12.164890] clocksource: Switched to clocksource kvm-clock
[   12.252390] AppArmor: AppArmor Filesystem Enabled
[   12.316677] pnp: PnP ACPI init
[   12.382923] pnp: PnP ACPI: found 3 devices
[   12.483513] clocksource: acpi_pm: mask: 0xffffff max_cycles: 0xffffff, max_idle_ns: 2085701024 ns
[   12.549506] NET: Registered protocol family 2
[   12.550419] TCP established hash table entries: 8192 (order: 4, 65536 bytes)
[   12.602437] TCP bind hash table entries: 8192 (order: 5, 131072 bytes)
[   12.618530] TCP: Hash tables configured (established 8192 bind 8192)
[   12.665266] UDP hash table entries: 512 (order: 2, 16384 bytes)
[   12.677130] UDP-Lite hash table entries: 512 (order: 2, 16384 bytes)
[   12.694498] NET: Registered protocol family 1
[   12.730714] pci 0000:00:00.0: Limiting direct PCI/PCI transfers
[   12.731744] pci 0000:00:01.0: Activating ISA DMA hang workarounds
[   12.746988] Unpacking initramfs...
[   14.382638] Freeing initrd memory: 10844K
[   14.467967] platform rtc_cmos: registered platform RTC device (no PNP device found)
[   14.499313] Scanning for low memory corruption every 60 seconds
[   14.563425] audit: initializing netlink subsys (disabled)
[   14.567240] audit: type=2000 audit(1511172895.979:1): initialized
[   14.620640] Initialise system trusted keyring
[   14.697831] HugeTLB registered 2 MB page size, pre-allocated 0 pages
[   14.780656] zbud: loaded
[   14.811078] VFS: Disk quotas dquot_6.6.0
[   14.828175] VFS: Dquot-cache hash table entries: 512 (order 0, 4096 bytes)
[   14.863293] squashfs: version 4.0 (2009/01/31) Phillip Lougher
[   14.934072] fuse init (API version 7.23)
[   14.935539] Key type big_key registered
[   14.945969] Allocating IMA MOK and blacklist keyrings.
[   14.958967] Key type asymmetric registered
[   14.993134] Asymmetric key parser 'x509' registered
[   15.027841] Block layer SCSI generic (bsg) driver version 0.4 loaded (major 249)
[   15.050589] io scheduler noop registered
[   15.087297] io scheduler deadline registered (default)
[   15.117783] io scheduler cfq registered
[   15.128497] pci_hotplug: PCI Hot Plug PCI Core version: 0.5
[   15.130143] pciehp: PCI Express Hot Plug Controller Driver version: 0.4
[   15.146996] ACPI: AC Adapter [AC] (on-line)
[   15.157595] input: Power Button as /devices/LNXSYSTM:00/LNXPWRBN:00/input/input0
[   15.172486] ACPI: Power Button [PWRF]
[   15.173278] input: Sleep Button as /devices/LNXSYSTM:00/LNXSLPBN:00/input/input1
[   15.196807] ACPI: Sleep Button [SLPF]
[   15.221591] GHES: HEST is not enabled!
[   15.238054] Serial: 8250/16550 driver, 32 ports, IRQ sharing enabled
[   15.293081] 00:02: ttyS0 at I/O 0x3f8 (irq = 4, base_baud = 115200) is a 16550A
[   15.331612] Linux agpgart interface v0.103
[   15.334867] loop: module loaded
[   15.357708] scsi host0: ata_piix
[   15.358659] scsi host1: ata_piix
[   15.373224] ata1: PATA max UDMA/33 cmd 0x1f0 ctl 0x3f6 bmdma 0xd000 irq 14
[   15.380320] ata2: PATA max UDMA/33 cmd 0x170 ctl 0x376 bmdma 0xd008 irq 15
[   15.398408] libphy: Fixed MDIO Bus: probed
[   15.408505] tun: Universal TUN/TAP device driver, 1.6
[   15.416185] tun: (C) 1999-2004 Max Krasnyansky <maxk@qualcomm.com>
[   15.427448] PPP generic driver version 2.4.2
[   15.428319] ehci_hcd: USB 2.0 'Enhanced' Host Controller (EHCI) Driver
[   15.429490] ehci-pci: EHCI PCI platform driver
[   15.444912] ehci-platform: EHCI generic platform driver
[   15.453999] ohci_hcd: USB 1.1 'Open' Host Controller (OHCI) Driver
[   15.463372] ohci-pci: OHCI PCI platform driver
[   15.498151] tsc: Refined TSC clocksource calibration: 2303.384 MHz
[   15.504654] clocksource: tsc: mask: 0xffffffffffffffff max_cycles: 0x2133b209085, max_idle_ns: 440795294014 ns
[   15.505113] ohci-platform: OHCI generic platform driver
[   15.505141] uhci_hcd: USB Universal Host Controller Interface driver
[   15.505262] i8042: PNP: PS/2 Controller [PNP0303:PS2K,PNP0f03:PS2M] at 0x60,0x64 irq 1,12
[   15.505703] serio: i8042 KBD port at 0x60,0x64 irq 1
[   15.505708] serio: i8042 AUX port at 0x60,0x64 irq 12
[   15.553786] mousedev: PS/2 mouse device common for all mice
[   15.554071] input: AT Translated Set 2 keyboard as /devices/platform/i8042/serio0/input/input2
[   15.554987] rtc_cmos rtc_cmos: rtc core: registered rtc_cmos as rtc0
[   15.555130] rtc_cmos rtc_cmos: alarms up to one day, 114 bytes nvram
[   15.555163] i2c /dev entries driver
[   15.555341] device-mapper: uevent: version 1.0.3
[   15.555526] device-mapper: ioctl: 4.34.0-ioctl (2015-10-28) initialised: dm-devel@redhat.com
[   15.555574] ledtrig-cpu: registered to indicate activity on CPUs
[   15.556197] NET: Registered protocol family 10
[   15.556367] NET: Registered protocol family 17
[   15.556375] Key type dns_resolver registered
[   15.556511] microcode: CPU0 sig=0x806e9, pf=0x8, revision=0x0
[   15.564104] microcode: CPU1 sig=0x806e9, pf=0x8, revision=0x0
[   15.564396] microcode: Microcode Update Driver: v2.01 <tigran@aivazian.fsnet.co.uk>, Peter Oruba
[   15.564721] registered taskstats version 1
[   15.564736] Loading compiled-in X.509 certificates
[   15.565403] Loaded X.509 cert 'Build time autogenerated kernel key: 7431eaeda5a51458aeb00f8de0f18f89e178d882'
[   15.565472] zswap: loaded using pool lzo/zbud
[   15.566956] Key type trusted registered
[   15.568723] Key type encrypted registered
[   15.568728] AppArmor: AppArmor sha1 policy hashing enabled
[   15.568730] ima: No TPM chip found, activating TPM-bypass!
[   15.568744] evm: HMAC attrs: 0x1
[   15.569100]   Magic number: 9:760:224
[   15.573427] rtc_cmos rtc_cmos: setting system clock to 2017-11-20 10:15:03 UTC (1511172903)
[   15.573548] BIOS EDD facility v0.16 2004-Jun-25, 0 devices found
[   15.573548] EDD information not available.
[   16.283533] Freeing unused kernel memory: 1492K
[   16.368536] Write protecting the kernel read-only data: 14336k
[   16.451027] Freeing unused kernel memory: 1744K
[   16.526156] Freeing unused kernel memory: 108K
Loading, please [   16.575413] random: systemd-udevd: uninitialized urandom read (16 bytes read, 5 bits of entropy available)
wait...
startin[   16.575819] random: udevadm: uninitialized urandom read (16 bytes read, 5 bits of entropy available)
g version 229
[   16.575832] random: udevadm: uninitialized urandom read (16 bytes read, 5 bits of entropy available)
[   16.580902] random: udevadm: uninitialized urandom read (16 bytes read, 5 bits of entropy available)
[   16.580930] random: udevadm: uninitialized urandom read (16 bytes read, 5 bits of entropy available)
[   16.581043] random: udevadm: uninitialized urandom read (16 bytes read, 5 bits of entropy available)
[   16.581071] random: udevadm: uninitialized urandom read (16 bytes read, 5 bits of entropy available)
[   16.581100] random: udevadm: uninitialized urandom read (16 bytes read, 5 bits of entropy available)
[   16.581128] random: udevadm: uninitialized urandom read (16 bytes read, 5 bits of entropy available)
[   16.581155] random: udevadm: uninitialized urandom read (16 bytes read, 5 bits of entropy available)
[   17.558394] e1000: Intel(R) PRO/1000 Network Driver - version 7.3.21-k8-NAPI
[   17.588191] e1000: Copyright (c) 1999-2006 Intel Corporation.
[   17.618012] Fusion MPT base driver 3.04.20
[   17.636736] Copyright (c) 1999-2008 LSI Corporation
[   17.658714] AVX version of gcm_enc/dec engaged.
[   17.679430] AES CTR mode by8 optimization enabled
[   17.683566] Fusion MPT SPI Host driver 3.04.20
[   17.858340] input: ImExPS/2 Generic Explorer Mouse as /devices/platform/i8042/serio1/input/input4
[   18.050056] e1000 0000:00:03.0 eth0: (PCI:33MHz:32-bit) 02:7e:71:36:a3:a3
[   18.116465] e1000 0000:00:03.0 eth0: Intel(R) PRO/1000 Network Connection
[   18.500450] e1000 0000:00:08.0 eth1: (PCI:33MHz:32-bit) 08:00:27:b0:99:60
[   18.582121] e1000 0000:00:08.0 eth1: Intel(R) PRO/1000 Network Connection
[   18.640076] e1000 0000:00:03.0 enp0s3: renamed from eth0
[   18.677079] mptbase: ioc0: Initiating bringup
[   18.745255] e1000 0000:00:08.0 enp0s8: renamed from eth1
[   18.825331] ioc0: LSI53C1030 A0: Capabilities={Initiator}
[   19.036715] scsi host2: ioc0: LSI53C1030 A0, FwRev=00000000h, Ports=1, MaxQ=256, IRQ=20
[   19.190233] scsi 2:0:0:0: Direct-Access     VBOX     HARDDISK         1.0  PQ: 0 ANSI: 5
[   19.355533] scsi target2:0:0: Beginning Domain Validation
[   19.438097] scsi target2:0:0: Domain Validation skipping write tests
[   19.607245] scsi target2:0:0: Ending Domain Validation
[   19.699125] scsi target2:0:0: asynchronous
[   19.745788] scsi 2:0:1:0: Direct-Access     VBOX     HARDDISK         1.0  PQ: 0 ANSI: 5
[   19.849847] scsi target2:0:1: Beginning Domain Validation
[   19.967584] scsi target2:0:1: Domain Validation skipping write tests
[   20.115660] scsi target2:0:1: Ending Domain Validation
[   20.234716] scsi target2:0:1: asynchronous
[   20.330895] sd 2:0:0:0: [sda] 20971520 512-byte logical blocks: (10.7 GB/10.0 GiB)
[   20.331043] sd 2:0:0:0: Attached scsi generic sg0 type 0
[   20.331389] sd 2:0:1:0: [sdb] 20480 512-byte logical blocks: (10.5 MB/10.0 MiB)
[   20.331418] sd 2:0:1:0: Attached scsi generic sg1 type 0
[   20.331575] sd 2:0:1:0: [sdb] Write Protect is off
[   20.331634] sd 2:0:1:0: [sdb] Incomplete mode parameter data
[   20.331634] sd 2:0:1:0: [sdb] Assuming drive cache: write through
[   20.368350] sd 2:0:1:0: [sdb] Attached SCSI disk
[   20.761227] floppy0: no floppy controllers found
[   20.803559] sd 2:0:0:0: [sda] Write Protect is off
[   20.909491] sd 2:0:0:0: [sda] Incomplete mode parameter data
[   20.919364] sd 2:0:0:0: [sda] Assuming drive cache: write through
[   21.038727]  sda: sda1
[   21.090006] sd 2:0:0:0: [sda] Attached SCSI disk
Begin: Loading e[   22.415141] md: linear personality registered for level -1
ssential drivers[   22.468395] md: multipath personality registered for level -4
 ... [   22.541007] md: raid0 personality registered for level 0
[   22.631828] md: raid1 personality registered for level 1
[   22.762027] raid6: sse2x1   gen()  9688 MB/s
[   22.865424] raid6: sse2x1   xor()  6243 MB/s
[   22.953327] raid6: sse2x2   gen()  8748 MB/s
[   23.021261] raid6: sse2x2   xor()  7316 MB/s
[   23.112934] raid6: sse2x4   gen() 13653 MB/s
[   23.186482] raid6: sse2x4   xor()  9647 MB/s
[   23.207657] raid6: using algorithm sse2x4 gen() 13653 MB/s
[   23.208618] raid6: .... xor() 9647 MB/s, rmw enabled
[   23.223347] raid6: using ssse3x2 recovery algorithm
[   23.225335] xor: automatically using best checksumming function:
[   23.266141]    avx       : 37779.000 MB/sec
[   23.289502] async_tx: api initialized (async)
[   23.333569] md: raid6 personality registered for level 6
[   23.347031] md: raid5 personality registered for level 5
[   23.396740] md: raid4 personality registered for level 4
[   23.453539] md: raid10 personality registered for level 10
done.
Begin: Ru[   23.507538] Btrfs loaded
nning /scripts/init-premount ... done.
Begin: Mounting root file system ... Begin: Running /scripts/local-top ... done.
Begin: Running /scripts/local-premount ... Scanning for Btrfs filesystems
done.
Warning: fsck not present, so skipping root file system
[   23.587348] EXT4-fs (sda1): mounted filesystem with ordered data mode. Opts: (null)
done.
Begin: Running /scripts/local-bottom ... done.
Begin: Running /scripts/init-bottom ... done.
[   24.232087] systemd[1]: systemd 229 running in system mode. (+PAM +AUDIT +SELINUX +IMA +APPARMOR +SMACK +SYSVINIT +UTMP +LIBCRYPTSETUP +GCRYPT +GNUTLS +ACL +XZ -LZ4 +SECCOMP +BLKID +ELFUTILS +KMOD -IDN)
[   24.401944] systemd[1]: Detected virtualization oracle.
[   24.456790] systemd[1]: Detected architecture x86-64.

Welcome to [1mUbuntu 16.04.3 LTS[0m!

[   24.631953] systemd[1]: Set hostname to <ubuntu-xenial>.
[   24.712488] random: nonblocking pool is initialized
[   25.556454] systemd[1]: Started Forward Password Requests to Wall Directory Watch.
[[0;32m  OK  [0m] Started Forward Password Requests to Wall Directory Watch.
[   25.593269] systemd[1]: Listening on Journal Socket.
[[0;32m  OK  [0m] Listening on Journal Socket.
[   25.639297] systemd[1]: Listening on udev Control Socket.
[[0;32m  OK  [0m] Listening on udev Control Socket.
[   25.642841] systemd[1]: Listening on Device-mapper event daemon FIFOs.
[[0;32m  OK  [0m] Listening on Device-mapper event daemon FIFOs.
[   25.681176] systemd[1]: Listening on Journal Socket (/dev/log).
[[0;32m  OK  [0m] Listening on Journal Socket (/dev/log).
[   25.701662] systemd[1]: Listening on Journal Audit Socket.
[[0;32m  OK  [0m] Listening on Journal Audit Socket.
[   25.713361] systemd[1]: Created slice System Slice.
[[0;32m  OK  [0m] Created slice System Slice.
[   25.750036] systemd[1]: Starting Nameserver information manager...
         Starting Nameserver information manager...
[   25.785064] systemd[1]: Mounting Huge Pages File System...
         Mounting Huge Pages File System...
[   25.797689] systemd[1]: Mounting Debug File System...
         Mounting Debug File System...
[   25.817198] systemd[1]: Reached target User and Group Name Lookups.
[[0;32m  OK  [0m] Reached target User and Group Name Lookups.
[   25.835879] systemd[1]: Set up automount Arbitrary Executable File Formats File System Automount Point.
[[0;32m  OK  [0m] Set up automount Arbitrary Executab...ats File System Automount Point.
[   25.854880] systemd[1]: Listening on /dev/initctl Compatibility Named Pipe.
[[0;32m  OK  [0m] Listening on /dev/initctl Compatibility Named Pipe.
[   25.895161] systemd[1]: Created slice system-serial\x2dgetty.slice.
[[0;32m  OK  [0m] Created slice system-serial\x2dgetty.slice.
[   25.968460] systemd[1]: Listening on LVM2 poll daemon socket.
[[0;32m  OK  [0m] Listening on LVM2 poll daemon socket.
[   26.011256] systemd[1]: Starting Remount Root and Kernel File Systems...
         Starting Remount Root and Kernel File Systems...
[   26.023486] systemd[1]: Starting Create list of required static device nodes for the current kernel...
         [   26.053495] EXT4-fs (sda1): re-mounted. Opts: (null)
Starting Create list of required st... nodes for the current kernel...
[   26.067116] systemd[1]: Reached target Encrypted Volumes.
[[0;32m  OK  [0m] Reached target Encrypted Volumes.
[   26.092318] systemd[1]: Listening on udev Kernel Socket.
[[0;32m  OK  [0m] Listening on udev Kernel Socket.
[   26.117420] systemd[1]: Reached target Swap.
[[0;32m  OK  [0m] Reached target Swap.
[   26.121331] systemd[1]: Created slice User and Session Slice.
[[0;32m  OK  [0m] Created slice User and Session Slice.
[   26.161330] systemd[1]: Reached target Slices.
[[0;32m  OK  [0m] Reached target Slices.
[   26.177428] systemd[1]: Starting Uncomplicated firewall...
         Starting Uncomplicated firewall...
[   26.233515] systemd[1]: Starting Load Kernel Modules...
         Starting Load Kernel Modules...
[   26.256598] systemd[1]: Started Trigger resolvconf update for networkd DNS.
[[0;32m  OK  [0m] Started Trigger resolvconf update for networkd DNS.
[   26.289714] Loading iSCSI transport class v2.0-870.
[   26.303760] iscsi: registered transport (tcp)
[   26.305877] systemd[1]: Mounting POSIX Message Queue File System...
         Mounting POSIX Message Queue File System...
[   26.319713] systemd[1]: Listening on LVM2 metadata daemon socket.
[[0;32m  OK  [0m] Listening on LVM2 metadata daemon socket.
[   26.322525] systemd[1]: Starting Monitoring of LVM2 mirrors, snapshots etc. using dmeventd or progress polling...
         Starting Monitoring of LVM2 mirrors... dmeventd or progress polling...
[   26.433649] systemd[1]: Listening on Syslog Socket.
[[0;32m  OK  [0m] Listening on Syslog Socket.
[   26.510614] iscsi: registered transport (iser)
[   26.541164] systemd[1]: Starting Journal Service...
         Starting Journal Service...
[   26.569828] systemd[1]: Starting Set console keymap...
         Starting Set console keymap...
[   26.598125] systemd[1]: Mounted Huge Pages File System.
[[0;32m  OK  [0m] Mounted Huge Pages File System.
[   26.641228] systemd[1]: Mounted POSIX Message Queue File System.
[[0;32m  OK  [0m] Mounted POSIX Message Queue File System.
[   26.710233] systemd[1]: Mounted Debug File System.
[[0;32m  OK  [0m] Mounted Debug File System.
[   26.813992] systemd[1]: Started Remount Root and Kernel File Systems.
[[0;32m  OK  [0m] Started Remount Root and Kernel File Systems.
[   26.874947] systemd[1]: Started Create list of required static device nodes for the current kernel.
[[0;32m  OK  [0m] Started Create list of required sta...ce nodes for the current kernel.
[   26.968838] systemd[1]: Started Uncomplicated firewall.
[[0;32m  OK  [0m] Started Uncomplicated firewall.
[   27.001732] systemd[1]: Started Load Kernel Modules.
[[0;32m  OK  [0m] Started Load Kernel Modules.
[   27.012363] systemd[1]: Started Set console keymap.
[[0;32m  OK  [0m] Started Set console keymap.
[   27.038943] systemd[1]: Started Nameserver information manager.
[[0;32m  OK  [0m] Started Nameserver information manager.
[   27.079221] systemd[1]: Started Journal Service.
[[0;32m  OK  [0m] Started Journal Service.
[[0;32m  OK  [0m] Started LVM2 metadata daemon.
         Starting Apply Kernel Variables...
         Mounting FUSE Control File System...
         Starting Create Static Device Nodes in /dev...
         Starting Load/Save Random Seed...
         Starting Initial cloud-init job (pre-networking)...
         Starting udev Coldplug all Devices...
         Starting Flush Journal to Persistent Storage...
[[0;32m  OK  [0m] Mounted FUSE Control File System.
[[0;32m  OK  [0m] Started Load/Save Random Seed.
[[0;32m  OK  [0m] Started Apply Kernel Variables.
[[0;32m  OK  [0m] Started Flush Journal to Persistent Storage.
[[0;32m  OK  [0m] Started udev Coldplug all Devices.
[[0;32m  OK  [0m] Started Monitoring of LVM2 mirrors,...ng dmeventd or progress polling.
[[0;32m  OK  [0m] Started Create Static Device Nodes in /dev.
         Starting udev Kernel Device Manager...
[[0;32m  OK  [0m] Started udev Kernel Device Manager.
[[0;32m  OK  [0m] Reached target Local File Systems (Pre).
[[0;32m  OK  [0m] Reached target Local File Systems.
         Starting LSB: AppArmor initialization...
         Starting Tell Plymouth To Write Out Runtime Data...
         Starting Create Volatile Files and Directories...
         Starting Set console font and keymap...
[[0;32m  OK  [0m] Started Dispatch Password Requests to Console Directory Watch.
[[0;32m  OK  [0m] Started Tell Plymouth To Write Out Runtime Data.
[[0;32m  OK  [0m] Found device /dev/ttyS0.
[[0;32m  OK  [0m] Started Create Volatile Files and Directories.
[[0;32m  OK  [0m] Reached target System Time Synchronized.
         Starting Update UTMP about System Boot/Shutdown...
[[0;32m  OK  [0m] Started Update UTMP about System Boot/Shutdown.
[[0;32m  OK  [0m] Found device 82540EM Gigabit Ethern...r (PRO/1000 MT Desktop Adapter).
[[0;32m  OK  [0m] Found device 82540EM Gigabit Ethern...r (PRO/1000 MT Desktop Adapter).
[[0;32m  OK  [0m] Started Set console font and keymap.
[[0;32m  OK  [0m] Created slice system-getty.slice.
[[0;32m  OK  [0m] Listening on Load/Save RF Kill Switch Status /dev/rfkill Watch.
[[0;32m  OK  [0m] Started LSB: AppArmor initialization.
[   22.380956] cloud-init[443]: Cloud-init v. 17.1 running 'init-local' at Mon, 20 Nov 2017 10:15:21 +0000. Up 21.80 seconds.
[[0;32m  OK  [0m] Started Initial cloud-init job (pre-networking).
[[0;32m  OK  [0m] Reached target Network (Pre).
[[0;32m  OK  [0m] Started ifup for enp0s3.
         Starting Raise network interfaces...
[[0;32m  OK  [0m] Started ifup for enp0s8.
[[0;32m  OK  [0m] Started Raise network interfaces.
[[0;32m  OK  [0m] Reached target Network.
         Starting Initial cloud-init job (metadata service crawler)...
[   23.977271] cloud-init[1058]: Cloud-init v. 17.1 running 'init' at Mon, 20 Nov 2017 10:15:22 +0000. Up 23.11 seconds.
[   24.004814] cloud-init[1058]: ci-info: ++++++++++++++++++++++++++++++++++++++Net device info++++++++++++++++++++++++++++++++++++++
[   24.012001] cloud-init[1058]: ci-info: +--------+------+-----------------------------+---------------+-------+-------------------+
[   24.068733] cloud-init[1058]: ci-info: | Device |  Up  |           Address           |      Mask     | Scope |     Hw-Address    |
[   24.069067] cloud-init[1058]: ci-info: +--------+------+-----------------------------+---------------+-------+-------------------+
[[0;32m  OK  [0m] Started Initial cloud-init job (metadata service crawler).
[   24.069170] cloud-init[1058]: ci-info: | enp0s3 | True |          10.0.2.15          | 255.255.255.0 |   .   | 02:7e:71:36:a3:a3 |
[   24.444702] cloud-init[1058]: ci-info: | enp0s3 | True |  fe80::7e:71ff:fe36:a3a3/64 |       .       |  link | 02:7e:71:36:a3:a3 |
[   24.444993] cloud-init[1058]: ci-info: | enp0s8 | True |        192.168.33.10        | 255.255.255.0 |   .   | 08:00:27:b0:99:60 |
[[0;32m  OK  [0m] Reached target Cloud-config availability.
[   24.445119] cloud-init[1058]: ci-info: | enp0s8 | True | fe80::a00:27ff:feb0:9960/64 |       .       |  link | 08:00:27:b0:99:60 |
[   24.660707] cloud-init[1058]: ci-info: |   lo   | True |          127.0.0.1          |   255.0.0.0   |   .   |         .         |
[[0;32m  OK  [0m] Reached target System Initialization.
[   24.660842] cloud-init[1058]: ci-info: |   lo   | True |           ::1/128           |       .       |  host |         .         |
[   24.861063] cloud-init[1058]: ci-info: +--------+------+-----------------------------+---------------+-------+-------------------+
[[0;32m  OK  [0m] Listening on ACPID Listen Socket.
[   24.861281] cloud-init[1058]: ci-info: ++++++++++++++++++++++++++++Route IPv4 info++++++++++++++++++++++++++++
[   25.105770] cloud-init[1058]: ci-info: +-------+--------------+----------+---------------+-----------+-------+
         Starting Socket activation for snappy daemon.
[[   25.105853] cloud-init[1058]: ci-info: | Route | Destination  | Gateway  |    Genmask    | Interface | Flags |
[   25.281777] cloud-init[1058]: ci-info: +-------+--------------+----------+---------------+-----------+-------+
[0;32m  OK  [0m] Listening on D-Bus System Message Bus Socket.
[   25.281959] cloud-init[1058]: ci-info: |   0   |   0.0.0.0    | 10.0.2.2 |    0.0.0.0    |   enp0s3  |   UG  |
[   25.473114] cloud-init[1058]: ci-info: |   1   |   10.0.2.0   | 0.0.0.0  | 255.255.255.0 |   enp0s3  |   U   |
[[0;32m  OK  [0m] Started Daily Cleanup of Temporary Directories.
[   25.473228] cloud-init[1058]: ci-info: |   2   | 192.168.33.0 | 0.0.0.0  | 255.255.255.0 |   enp0s8  |   U   |
[   25.672440] cloud-init[1058]: ci-info: +-------+--------------+----------+---------------+-----------+-------+
[[0;32m  OK  [0m] Started Timer to automatically refresh installed snaps.
[[0;32m  OK  [0m] Started ACPI Events Check.
[[0;32m  OK  [0m] Reached target Paths.
[[0;32m  OK  [0m] Listening on UUID daemon activation socket.
         Starting LXD - unix socket.
[[0;32m  OK  [0m] Reached target Network is Online.
[[0;32m  OK  [0m] Started Daily apt download activities.
[[0;32m  OK  [0m] Started Daily apt upgrade and clean activities.
[[0;32m  OK  [0m] Reached target Timers.
         Starting iSCSI initiator daemon (iscsid)...
[[0;32m  OK  [0m] Listening on Socket activation for snappy daemon.
[[0;32m  OK  [0m] Listening on LXD - unix socket.
[[0;32m  OK  [0m] Reached target Sockets.
[[0;32m  OK  [0m] Reached target Basic System.
         Starting MySQL Community Server...
         Starting Accounts Service...
         Starting LSB: Record successful boot for GRUB...
[[0;32m  OK  [0m] Started D-Bus System Message Bus.
[[0;32m  OK  [0m] Started Regular background program processing daemon.
         Starting Snappy daemon...
         Starting LXD - container startup/shutdown...
[[0;32m  OK  [0m] Started ACPI event daemon.
         Starting System Logging Service...
         Starting /etc/rc.local Compatibility...
[[0;32m  OK  [0m] Started Unattended Upgrades Shutdown.
         Starting OpenBSD Secure Shell server...
         Starting LSB: MD monitoring daemon...
[[0;32m  OK  [0m] Started Deferred execution scheduler.
         Starting Apply the settings specified in cloud-config...
[[0;32m  OK  [0m] Started FUSE filesystem for LXC.
         Starting Login Service...
[[0;32m  OK  [0m] Started iSCSI initiator daemon (iscsid).
[[0;32m  OK  [0m] Started /etc/rc.local Compatibility.
         Starting Authenticate and Authorize Users to Run Privileged Tasks...
         Starting Login to default iSCSI targets...
[[0;32m  OK  [0m] Started Login Service.
[[0;32m  OK  [0m] Started LSB: Record successful boot for GRUB.
[[0;32m  OK  [0m] Started LSB: MD monitoring daemon.
[[0;32m  OK  [0m] Started System Logging Service.
[[0;32m  OK  [0m] Started Login to default iSCSI targets.
[[0;32m  OK  [0m] Reached target Remote File Systems (Pre).
[[0;32m  OK  [0m] Reached target Remote File Systems.
         Starting LSB: Set the CPU Frequency Scaling governor to "ondemand"...
[   29.132198] cloud-init[1159]: Cloud-init v. 17.1 running 'modules:config' at Mon, 20 Nov 2017 10:15:27 +0000. Up 27.96 seconds.
         Starting LSB: VirtualBox Linux Additions...
         Starting LSB: daemon to balance interrupts for SMP systems...
         Starting LSB: Apache2 web server...
         Starting Permit User Sessions...
         Starting LSB: automatic crash report generation...
[[0;32m  OK  [0m] Started Apply the settings specified in cloud-config.
[[0;32m  OK  [0m] Started Permit User Sessions.
[[0;32m  OK  [0m] Started Authenticate and Authorize Users to Run Privileged Tasks.
[[0;32m  OK  [0m] Started Accounts Service.
[[0;32m  OK  [0m] Started LSB: Set the CPU Frequency Scaling governor to "ondemand".
         Starting Terminate Plymouth Boot Screen...
         Starting Hold until boot process finishes up...
[[0;32m  OK  [0m] Started Terminate Plymouth Boot Screen.
[[0;32m  OK  [0m] Started Hold until boot process finishes up.
[[0;32m  OK  [0m] Started Serial Getty on ttyS0.
[[0;32m  OK  [0m] Started Getty on tty1.
[[0;32m  OK  [0m] Reached target Login Prompts.
         Starting Set console scheme...
[[0;32m  OK  [0m] Started LSB: daemon to balance interrupts for SMP systems.
[[0;32m  OK  [0m] Started LSB: automatic crash report generation.
[[0;32m  OK  [0m] Started OpenBSD Secure Shell server.
[[0;32m  OK  [0m] Started Set console scheme.
[[0;32m  OK  [0m] Started LSB: VirtualBox Linux Additions.
[[0;32m  OK  [0m] Created slice User Slice of ubuntu.
         Starting User Manager for UID 1000...
[[0;32m  OK  [0m] Started Session 1 of user ubuntu.
[[0;32m  OK  [0m] Started User Manager for UID 1000.
[[0;32m  OK  [0m] Started Snappy daemon.
[[0;32m  OK  [0m] Started LXD - container startup/shutdown.
[   35.605215] cloud-init[1458]: Cloud-init v. 17.1 running 'modules:final' at Mon, 20 Nov 2017 10:15:34 +0000. Up 35.29 seconds.
[   35.605454] cloud-init[1458]: Cloud-init v. 17.1 finished at Mon, 20 Nov 2017 10:15:35 +0000. Datasource DataSourceNoCloud [seed=/dev/sdb][dsmode=net].  Up 35.60 seconds

Ubuntu 16.04.3 LTS ubuntu-xenial ttyS0

ubuntu-xenial login: 